<?xml version="1.0" encoding="UTF-8"?>
<testng-results ignored="0" total="3" passed="3" failed="0" skipped="0">
  <reporter-output>
  </reporter-output>
  <suite started-at="2023-03-29T10:39:04 IST" name="Command line suite" finished-at="2023-03-29T10:39:18 IST" duration-ms="13813">
    <groups>
    </groups>
    <test started-at="2023-03-29T10:39:04 IST" name="Command line test" finished-at="2023-03-29T10:39:18 IST" duration-ms="13813">
      <class name="org.example.GoogleSearchTest">
        <test-method signature="googleTest()[pri:0, instance:org.example.GoogleSearchTest@341b80b2]" started-at="2023-03-29T10:39:04 IST" name="googleTest" finished-at="2023-03-29T10:39:18 IST" duration-ms="13721" status="PASS">
          <reporter-output>
          </reporter-output>
        </test-method> <!-- googleTest -->
      </class> <!-- org.example.GoogleSearchTest -->
      <class name="org.example.AppTest">
        <test-method signature="testcase1_login()[pri:0, instance:org.example.AppTest@3bbc39f8]" started-at="2023-03-29T10:39:04 IST" name="testcase1_login" finished-at="2023-03-29T10:39:04 IST" duration-ms="21" status="PASS">
          <reporter-output>
          </reporter-output>
        </test-method> <!-- testcase1_login -->
        <test-method signature="testcase2_login()[pri:0, instance:org.example.AppTest@3bbc39f8]" started-at="2023-03-29T10:39:04 IST" name="testcase2_login" finished-at="2023-03-29T10:39:04 IST" duration-ms="1" status="PASS">
          <reporter-output>
          </reporter-output>
        </test-method> <!-- testcase2_login -->
      </class> <!-- org.example.AppTest -->
    </test> <!-- Command line test -->
  </suite> <!-- Command line suite -->
</testng-results>
